<?xml version="1.0" encoding="UTF-8"?>
<!-- Generated by org.testng.reporters.JUnitReportReporter -->
<testsuite skipped="0" hostname="DESKTOP-9HUOTQA" name="com.testcases.OrangeHRMAdminTestCase" tests="1" failures="0" timestamp="17 Sep 2020 05:29:56 GMT" time="9.037" errors="0">
  <testcase name="admin" time="9.037" classname="com.testcases.OrangeHRMAdminTestCase"/>
</testsuite> <!-- com.testcases.OrangeHRMAdminTestCase -->
