<?xml version="1.0" encoding="UTF-8"?>
<!-- Generated by org.testng.reporters.JUnitReportReporter -->
<testsuite skipped="1" hostname="DESKTOP-9HUOTQA" name="com.testcases.OrangeHRMLoginTestCase" tests="1" failures="0" timestamp="17 Sep 2020 08:27:53 GMT" time="0.008" errors="0">
  <testcase name="login" time="0.008" classname="com.testcases.OrangeHRMLoginTestCase">
    <skipped/>
  </testcase> <!-- login -->
</testsuite> <!-- com.testcases.OrangeHRMLoginTestCase -->
